{"name": "案例分享检查", "status": "broken", "statusDetails": {"message": "selenium.common.exceptions.NoSuchElementException: Message: no such element: Unable to locate element: {\"method\":\"xpath\",\"selector\":\"//*[@id=\"rc-root\"]/div/div[3]/div/div/div[3]/div[1]/div[2]/div[2]/div[2]/div/div/div[1]/div/div/div/div/div[2]/div/div/table/tbody/tr/td/span/button[1]\"}\n  (Session info: chrome=78.0.3904.108)\n  (Driver info: chromedriver=2.44.609545 (c2f88692e98ce7233d2df7c724465ecacfe74df5),platform=Mac OS X 10.14.2 x86_64)\n\n", "trace": "  File \"/Library/Frameworks/Python.framework/Versions/3.7/lib/python3.7/site-packages/behave/model.py\", line 1329, in run\n    match.run(runner.context)\n  File \"/Library/Frameworks/Python.framework/Versions/3.7/lib/python3.7/site-packages/behave/matchers.py\", line 98, in run\n    self.func(context, *args, **kwargs)\n  File \"features/steps/sharing.py\", line 65, in step_click_share\n    SeleniumApi.step_click(content, '//*[@id=\"rc-root\"]/div/div[3]/div/div/div[3]/div[1]/div[2]/div[2]/div[2]/div/div/'\n  File \"/Users/tezign_zjj/PycharmProjects/behave/features/utils/seleniumapi.py\", line 10, in step_click\n    self.driver.find_element_by_xpath(xpath).click()\n  File \"/Library/Frameworks/Python.framework/Versions/3.7/lib/python3.7/site-packages/selenium/webdriver/remote/webdriver.py\", line 258, in find_element_by_xpath\n    return self.find_element(by=By.XPATH, value=xpath)\n  File \"/Library/Frameworks/Python.framework/Versions/3.7/lib/python3.7/site-packages/selenium/webdriver/remote/webdriver.py\", line 712, in find_element\n    {'using': by, 'value': value})['value']\n  File \"/Library/Frameworks/Python.framework/Versions/3.7/lib/python3.7/site-packages/selenium/webdriver/remote/webdriver.py\", line 201, in execute\n    self.error_handler.check_response(response)\n  File \"/Library/Frameworks/Python.framework/Versions/3.7/lib/python3.7/site-packages/selenium/webdriver/remote/errorhandler.py\", line 181, in check_response\n    raise exception_class(message, screen, stacktrace)\n"}, "steps": [{"name": "When 点开用户管理", "status": "passed", "start": 1574517944781, "stop": 1574517946189}, {"name": "Then 找到分享列表管理", "status": "passed", "start": 1574517946189, "stop": 1574517946214}, {"name": "When 点击分享列表管理", "status": "passed", "start": 1574517946214, "stop": 1574517951295}, {"name": "Then 默认展示案例分享列表页面", "status": "passed", "start": 1574517951296, "stop": 1574517951330}, {"name": "When 指定标题搜索", "status": "passed", "start": 1574517951330, "stop": 1574517953924}, {"name": "Then 搜索结果正确", "status": "passed", "start": 1574517953924, "stop": 1574517953946}, {"name": "When 点击分享", "status": "broken", "statusDetails": {"message": "selenium.common.exceptions.NoSuchElementException: Message: no such element: Unable to locate element: {\"method\":\"xpath\",\"selector\":\"//*[@id=\"rc-root\"]/div/div[3]/div/div/div[3]/div[1]/div[2]/div[2]/div[2]/div/div/div[1]/div/div/div/div/div[2]/div/div/table/tbody/tr/td/span/button[1]\"}\n  (Session info: chrome=78.0.3904.108)\n  (Driver info: chromedriver=2.44.609545 (c2f88692e98ce7233d2df7c724465ecacfe74df5),platform=Mac OS X 10.14.2 x86_64)\n\n", "trace": "  File \"/Library/Frameworks/Python.framework/Versions/3.7/lib/python3.7/site-packages/behave/model.py\", line 1329, in run\n    match.run(runner.context)\n  File \"/Library/Frameworks/Python.framework/Versions/3.7/lib/python3.7/site-packages/behave/matchers.py\", line 98, in run\n    self.func(context, *args, **kwargs)\n  File \"features/steps/sharing.py\", line 65, in step_click_share\n    SeleniumApi.step_click(content, '//*[@id=\"rc-root\"]/div/div[3]/div/div/div[3]/div[1]/div[2]/div[2]/div[2]/div/div/'\n  File \"/Users/tezign_zjj/PycharmProjects/behave/features/utils/seleniumapi.py\", line 10, in step_click\n    self.driver.find_element_by_xpath(xpath).click()\n  File \"/Library/Frameworks/Python.framework/Versions/3.7/lib/python3.7/site-packages/selenium/webdriver/remote/webdriver.py\", line 258, in find_element_by_xpath\n    return self.find_element(by=By.XPATH, value=xpath)\n  File \"/Library/Frameworks/Python.framework/Versions/3.7/lib/python3.7/site-packages/selenium/webdriver/remote/webdriver.py\", line 712, in find_element\n    {'using': by, 'value': value})['value']\n  File \"/Library/Frameworks/Python.framework/Versions/3.7/lib/python3.7/site-packages/selenium/webdriver/remote/webdriver.py\", line 201, in execute\n    self.error_handler.check_response(response)\n  File \"/Library/Frameworks/Python.framework/Versions/3.7/lib/python3.7/site-packages/selenium/webdriver/remote/errorhandler.py\", line 181, in check_response\n    raise exception_class(message, screen, stacktrace)\n"}, "start": 1574517953946, "stop": 1574517963992}, {"name": "Then 生成分享链接", "status": "skipped", "start": 1574517963994, "stop": 1574517963994}, {"name": "When 分享并查看分享内容", "status": "skipped", "start": 1574517963994, "stop": 1574517963994}, {"name": "Then 回到分享页面", "status": "skipped", "start": 1574517963994, "stop": 1574517963994}, {"name": "When 回到案例分享页面并退出系统", "status": "skipped", "start": 1574517963994, "stop": 1574517963994}, {"name": "Then 回到登录页面", "status": "skipped", "start": 1574517963994, "stop": 1574517963994}], "start": 1574517944779, "stop": 1574517963994, "uuid": "025db1ba-7243-4465-b2e0-f693ae16d34c", "historyId": "391ba9be7433ba217bb0c4bfc10af6a4", "labels": [{"name": "severity", "value": "normal"}, {"name": "feature", "value": "后台-案例分享组功能基本检查"}, {"name": "framework", "value": "behave"}, {"name": "language", "value": "cpython3"}]}